[INFO ] 2020-04-05 16:48:18.807 [main] Log4jDemo - This is an information message
[ERROR] 2020-04-05 16:48:18.809 [main] Log4jDemo - This is an error message
[WARN ] 2020-04-05 16:48:18.809 [main] Log4jDemo - This is a warning message
[FATAL] 2020-04-05 16:48:18.809 [main] Log4jDemo - This is an fatal message
[TRACE] 2020-04-05 16:50:26.258 [main] Log4jDemo - This is a trace message
[INFO ] 2020-04-05 16:50:26.261 [main] Log4jDemo - This is an information message
[ERROR] 2020-04-05 16:50:26.261 [main] Log4jDemo - This is an error message
[WARN ] 2020-04-05 16:50:26.261 [main] Log4jDemo - This is a warning message
[FATAL] 2020-04-05 16:50:26.261 [main] Log4jDemo - This is an fatal message
[TRACE] 2020-04-05 16:54:04.071 [main] Log4jDemo - This is a trace message
[INFO ] 2020-04-05 16:54:04.074 [main] Log4jDemo - This is an information message
[ERROR] 2020-04-05 16:54:04.074 [main] Log4jDemo - This is an error message
[WARN ] 2020-04-05 16:54:04.074 [main] Log4jDemo - This is a warning message
[FATAL] 2020-04-05 16:54:04.075 [main] Log4jDemo - This is an fatal message
[TRACE] 2020-04-07 18:34:51.827 [main] Log4jDemo - This is a trace message
[INFO ] 2020-04-07 18:34:51.830 [main] Log4jDemo - This is an information message
[ERROR] 2020-04-07 18:34:51.830 [main] Log4jDemo - This is an error message
[WARN ] 2020-04-07 18:34:51.830 [main] Log4jDemo - This is a warning message
[FATAL] 2020-04-07 18:34:51.831 [main] Log4jDemo - This is an fatal message
[TRACE] 2020-04-07 18:41:54.854 [main] Log4jDemo - This is a trace message
[INFO ] 2020-04-07 18:41:54.857 [main] Log4jDemo - This is an information message
[ERROR] 2020-04-07 18:41:54.857 [main] Log4jDemo - This is an error message
[WARN ] 2020-04-07 18:41:54.857 [main] Log4jDemo - This is a warning message
[FATAL] 2020-04-07 18:41:54.857 [main] Log4jDemo - This is an fatal message
